Build started 10/9/2016 5:22:57 PM.
     1>Project "C:\Users\peter\Documents\CS-3113_HW\Homework 3\NYUCodebase\NYUCodebase.vcxproj" on node 2 (Build target(s)).
     1>C:\Program Files (x86)\MSBuild\Microsoft.Cpp\v4.0\V120\Microsoft.CppBuild.targets(388,5): warning MSB8028: The intermediate directory (Debug\) contains files shared from another project (testingCodeBase.vcxproj).  This can lead to incorrect clean and rebuild behavior.
     1>ClCompile:
         C:\Program Files (x86)\Microsoft Visual Studio 12.0\VC\bin\CL.exe /c /IC:\SDL2\include /IC:\SDL2_image\include /IC:\glew\include /IC:\SDL2_mixer\include /ZI /nologo /W3 /WX- /sdl /Od /Oy- /D _WINDOWS /D _MBCS /D _MBCS /Gm /EHsc /RTC1 /MDd /GS /fp:precise /Zc:wchar_t /Zc:forScope /Fo"Debug\\" /Fd"Debug\vc120.pdb" /Gd /TP /analyze- /errorReport:prompt Matrix.cpp ShaderProgram.cpp Vector3.cpp main.cpp
         main.cpp
     1>c:\users\peter\documents\cs-3113_hw\homework 3\nyucodebase\main.cpp(91): warning C4244: 'argument' : conversion from 'double' to 'float', possible loss of data
     1>c:\users\peter\documents\cs-3113_hw\homework 3\nyucodebase\main.cpp(92): warning C4305: 'argument' : truncation from 'double' to 'float'
     1>c:\users\peter\documents\cs-3113_hw\homework 3\nyucodebase\main.cpp(111): warning C4305: 'argument' : truncation from 'double' to 'float'
     1>c:\users\peter\documents\cs-3113_hw\homework 3\nyucodebase\main.cpp(112): warning C4305: 'argument' : truncation from 'double' to 'float'
     1>c:\users\peter\documents\cs-3113_hw\homework 3\nyucodebase\main.cpp(165): warning C4305: 'argument' : truncation from 'double' to 'float'
     1>c:\users\peter\documents\cs-3113_hw\homework 3\nyucodebase\main.cpp(229): warning C4305: '=' : truncation from 'double' to 'float'
     1>c:\users\peter\documents\cs-3113_hw\homework 3\nyucodebase\main.cpp(233): warning C4305: '=' : truncation from 'double' to 'float'
     1>c:\users\peter\documents\cs-3113_hw\homework 3\nyucodebase\main.cpp(250): warning C4305: '=' : truncation from 'double' to 'float'
     1>c:\users\peter\documents\cs-3113_hw\homework 3\nyucodebase\main.cpp(254): warning C4305: '=' : truncation from 'double' to 'float'
     1>c:\users\peter\documents\cs-3113_hw\homework 3\nyucodebase\main.cpp(280): warning C4244: 'argument' : conversion from 'time_t' to 'unsigned int', possible loss of data
     1>c:\users\peter\documents\cs-3113_hw\homework 3\nyucodebase\main.cpp(347): warning C4018: '<' : signed/unsigned mismatch
     1>c:\users\peter\documents\cs-3113_hw\homework 3\nyucodebase\main.cpp(453): warning C4305: 'argument' : truncation from 'double' to 'float'
     1>c:\users\peter\documents\cs-3113_hw\homework 3\nyucodebase\main.cpp(481): warning C4305: 'argument' : truncation from 'double' to 'float'
     1>c:\users\peter\documents\cs-3113_hw\homework 3\nyucodebase\main.cpp(498): warning C4305: 'argument' : truncation from 'double' to 'float'
     1>c:\users\peter\documents\cs-3113_hw\homework 3\nyucodebase\main.cpp(499): warning C4305: 'argument' : truncation from 'double' to 'float'
     1>c:\users\peter\documents\cs-3113_hw\homework 3\nyucodebase\main.cpp(502): warning C4305: 'argument' : truncation from 'double' to 'float'
     1>c:\users\peter\documents\cs-3113_hw\homework 3\nyucodebase\main.cpp(503): warning C4305: 'argument' : truncation from 'double' to 'float'
     1>c:\users\peter\documents\cs-3113_hw\homework 3\nyucodebase\main.cpp(539): warning C4305: 'argument' : truncation from 'double' to 'float'
     1>c:\users\peter\documents\cs-3113_hw\homework 3\nyucodebase\main.cpp(540): warning C4305: 'argument' : truncation from 'double' to 'float'
     1>c:\users\peter\documents\cs-3113_hw\homework 3\nyucodebase\main.cpp(551): warning C4305: 'argument' : truncation from 'double' to 'float'
     1>c:\users\peter\documents\cs-3113_hw\homework 3\nyucodebase\main.cpp(555): warning C4305: 'argument' : truncation from 'double' to 'float'
         Generating Code...
         Skipping... (no relevant changes detected)
         Vector3.cpp
         ShaderProgram.cpp
         Matrix.cpp
       Link:
         C:\Program Files (x86)\Microsoft Visual Studio 12.0\VC\bin\link.exe /ERRORREPORT:PROMPT /OUT:"C:\Users\peter\Documents\CS-3113_HW\Homework 3\Debug\Homework 3.exe" /INCREMENTAL /NOLOGO /LIBPATH:C:\SDL2_mixer\lib\x86 /LIBPATH:C:\SDL2\lib\x86 /LIBPATH:C:\SDL2_image\lib\x86 /LIBPATH:C:\glew\lib\Release\Win32 SDL2.lib SDL2_mixer.lib glew32.lib SDL2main.lib SDL2_image.lib OpenGL32.lib /MANIFEST /MANIFESTUAC:"level='asInvoker' uiAccess='false'" /manifest:embed /DEBUG /PDB:"C:\Users\peter\Documents\CS-3113_HW\Homework 3\Debug\Homework 3.pdb" /SUBSYSTEM:WINDOWS /TLBID:1 /DYNAMICBASE /NXCOMPAT /IMPLIB:"C:\Users\peter\Documents\CS-3113_HW\Homework 3\Debug\Homework 3.lib" /MACHINE:X86 Debug\CollisionEvent.obj
         Debug\CollisionEventListener.obj
         Debug\Entity.obj
         Debug\EventListener.obj
         Debug\LogicEvent.obj
         Debug\main.obj
         Debug\Matrix.obj
         Debug\ShaderProgram.obj
         Debug\SpriteEntity.obj
         Debug\TexturedEntity.obj
         Debug\TickEvent.obj
         Debug\Vector3.obj
         NYUCodebase.vcxproj -> C:\Users\peter\Documents\CS-3113_HW\Homework 3\Debug\Homework 3.exe
     1>Done Building Project "C:\Users\peter\Documents\CS-3113_HW\Homework 3\NYUCodebase\NYUCodebase.vcxproj" (Build target(s)).

Build succeeded.

Time Elapsed 00:00:03.77
