Build started 9/26/2016 12:55:08 PM.
     1>Project "C:\Users\Peter\CS-3113_HW\Homework 1\NYUCodebase\NYUCodebase\NYUCodebase.vcxproj" on node 2 (Build target(s)).
     1>ClCompile:
         C:\Program Files (x86)\Microsoft Visual Studio 12.0\VC\bin\CL.exe /c /IC:\SDL2\include /IC:\SDL2_image\include /IC:\glew\include /IC:\SDL2_mixer\include /ZI /nologo /W3 /WX- /sdl /Od /Oy- /D _WINDOWS /D _MBCS /D _MBCS /Gm /EHsc /RTC1 /MDd /GS /fp:precise /Zc:wchar_t /Zc:forScope /Fo"Debug\\" /Fd"Debug\vc120.pdb" /Gd /TP /analyze- /errorReport:prompt main.cpp
         main.cpp
     1>c:\users\peter\cs-3113_hw\homework 1\nyucodebase\nyucodebase\main.cpp(83): warning C4305: 'argument' : truncation from 'double' to 'float'
     1>c:\users\peter\cs-3113_hw\homework 1\nyucodebase\nyucodebase\main.cpp(128): warning C4305: '=' : truncation from 'double' to 'float'
     1>c:\users\peter\cs-3113_hw\homework 1\nyucodebase\nyucodebase\main.cpp(131): warning C4305: '=' : truncation from 'double' to 'float'
     1>c:\users\peter\cs-3113_hw\homework 1\nyucodebase\nyucodebase\main.cpp(139): warning C4244: '+=' : conversion from 'double' to 'float', possible loss of data
     1>c:\users\peter\cs-3113_hw\homework 1\nyucodebase\nyucodebase\main.cpp(141): warning C4244: '+=' : conversion from 'double' to 'float', possible loss of data
     1>c:\users\peter\cs-3113_hw\homework 1\nyucodebase\nyucodebase\main.cpp(143): warning C4305: '-=' : truncation from 'double' to 'float'
     1>c:\users\peter\cs-3113_hw\homework 1\nyucodebase\nyucodebase\main.cpp(151): warning C4244: '-=' : conversion from 'double' to 'float', possible loss of data
     1>c:\users\peter\cs-3113_hw\homework 1\nyucodebase\nyucodebase\main.cpp(153): warning C4244: '+=' : conversion from 'double' to 'float', possible loss of data
     1>c:\users\peter\cs-3113_hw\homework 1\nyucodebase\nyucodebase\main.cpp(155): warning C4305: '+=' : truncation from 'double' to 'float'
     1>c:\users\peter\cs-3113_hw\homework 1\nyucodebase\nyucodebase\main.cpp(160): warning C4244: '-=' : conversion from 'double' to 'float', possible loss of data
     1>c:\users\peter\cs-3113_hw\homework 1\nyucodebase\nyucodebase\main.cpp(161): warning C4244: '+=' : conversion from 'double' to 'float', possible loss of data
     1>c:\users\peter\cs-3113_hw\homework 1\nyucodebase\nyucodebase\main.cpp(164): warning C4244: '+=' : conversion from 'double' to 'float', possible loss of data
     1>c:\users\peter\cs-3113_hw\homework 1\nyucodebase\nyucodebase\main.cpp(165): warning C4244: '+=' : conversion from 'double' to 'float', possible loss of data
     1>c:\users\peter\cs-3113_hw\homework 1\nyucodebase\nyucodebase\main.cpp(211): warning C4244: '-=' : conversion from 'double' to 'float', possible loss of data
     1>c:\users\peter\cs-3113_hw\homework 1\nyucodebase\nyucodebase\main.cpp(220): warning C4244: '+=' : conversion from 'double' to 'float', possible loss of data
     1>c:\users\peter\cs-3113_hw\homework 1\nyucodebase\nyucodebase\main.cpp(233): warning C4244: '-=' : conversion from 'double' to 'float', possible loss of data
     1>c:\users\peter\cs-3113_hw\homework 1\nyucodebase\nyucodebase\main.cpp(242): warning C4244: '+=' : conversion from 'double' to 'float', possible loss of data
       Link:
         C:\Program Files (x86)\Microsoft Visual Studio 12.0\VC\bin\link.exe /ERRORREPORT:PROMPT /OUT:"C:\Users\Peter\CS-3113_HW\Homework 1\NYUCodebase\Debug\PFerrarottoHW.exe" /INCREMENTAL /NOLOGO /LIBPATH:C:\SDL2_mixer\lib\x86 /LIBPATH:C:\SDL2\lib\x86 /LIBPATH:C:\SDL2_image\lib\x86 /LIBPATH:C:\glew\lib\Release\Win32 SDL2.lib SDL2_mixer.lib glew32.lib SDL2main.lib SDL2_image.lib OpenGL32.lib /MANIFEST /MANIFESTUAC:"level='asInvoker' uiAccess='false'" /manifest:embed /DEBUG /PDB:"C:\Users\Peter\CS-3113_HW\Homework 1\NYUCodebase\Debug\PFerrarottoHW.pdb" /SUBSYSTEM:WINDOWS /TLBID:1 /DYNAMICBASE /NXCOMPAT /IMPLIB:"C:\Users\Peter\CS-3113_HW\Homework 1\NYUCodebase\Debug\PFerrarottoHW.lib" /MACHINE:X86 Debug\main.obj
         Debug\Matrix.obj
         Debug\ShaderProgram.obj
         NYUCodebase.vcxproj -> C:\Users\Peter\CS-3113_HW\Homework 1\NYUCodebase\Debug\PFerrarottoHW.exe
     1>Done Building Project "C:\Users\Peter\CS-3113_HW\Homework 1\NYUCodebase\NYUCodebase\NYUCodebase.vcxproj" (Build target(s)).

Build succeeded.

Time Elapsed 00:00:02.62
