Build started 9/25/2016 12:32:42 PM.
     1>Project "C:\Users\Peter\CS-3113_HW\Homework 1\NYUCodebase\NYUCodebase\NYUCodebase.vcxproj" on node 2 (Build target(s)).
     1>ClCompile:
         C:\Program Files (x86)\Microsoft Visual Studio 12.0\VC\bin\CL.exe /c /IC:\SDL2\include /IC:\SDL2_image\include /IC:\glew\include /IC:\SDL2_mixer\include /Zi /nologo /W3 /WX- /sdl /O2 /Oi /Oy- /GL /D _WINDOWS /D _MBCS /D _MBCS /Gm- /EHsc /MD /GS /Gy /fp:precise /Zc:wchar_t /Zc:forScope /Fo"Release\\" /Fd"Release\vc120.pdb" /Gd /TP /analyze- /errorReport:prompt main.cpp Matrix.cpp ShaderProgram.cpp
         main.cpp
     1>main.cpp(82): warning C4305: 'argument' : truncation from 'double' to 'float'
     1>main.cpp(127): warning C4305: '=' : truncation from 'double' to 'float'
     1>main.cpp(130): warning C4305: '=' : truncation from 'double' to 'float'
     1>main.cpp(138): warning C4244: '+=' : conversion from 'double' to 'float', possible loss of data
     1>main.cpp(140): warning C4244: '+=' : conversion from 'double' to 'float', possible loss of data
     1>main.cpp(147): warning C4244: '-=' : conversion from 'double' to 'float', possible loss of data
     1>main.cpp(149): warning C4244: '+=' : conversion from 'double' to 'float', possible loss of data
     1>main.cpp(153): warning C4244: '-=' : conversion from 'double' to 'float', possible loss of data
     1>main.cpp(154): warning C4244: '+=' : conversion from 'double' to 'float', possible loss of data
     1>main.cpp(157): warning C4244: '+=' : conversion from 'double' to 'float', possible loss of data
     1>main.cpp(158): warning C4244: '+=' : conversion from 'double' to 'float', possible loss of data
     1>main.cpp(180): warning C4244: '-=' : conversion from 'double' to 'float', possible loss of data
     1>main.cpp(184): warning C4244: '+=' : conversion from 'double' to 'float', possible loss of data
     1>main.cpp(193): warning C4244: 'argument' : conversion from 'double' to 'float', possible loss of data
     1>main.cpp(196): warning C4244: 'argument' : conversion from 'double' to 'float', possible loss of data
     1>main.cpp(200): warning C4244: 'argument' : conversion from 'double' to 'float', possible loss of data
         Matrix.cpp
     1>Matrix.cpp(213): warning C4244: 'argument' : conversion from 'double' to 'float', possible loss of data
     1>Matrix.cpp(214): warning C4244: 'argument' : conversion from 'double' to 'float', possible loss of data
         ShaderProgram.cpp
       Link:
         C:\Program Files (x86)\Microsoft Visual Studio 12.0\VC\bin\link.exe /ERRORREPORT:PROMPT /OUT:"C:\Users\Peter\CS-3113_HW\Homework 1\NYUCodebase\Release\PFerrarottoHW.exe" /NOLOGO /LIBPATH:C:\SDL2_mixer\lib\x86 /LIBPATH:C:\SDL2\lib\x86 /LIBPATH:C:\SDL2_image\lib\x86 /LIBPATH:C:\glew\lib\Release\Win32 SDL2.lib SDL2_mixer.lib glew32.lib SDL2main.lib SDL2_image.lib OpenGL32.lib /MANIFEST /MANIFESTUAC:"level='asInvoker' uiAccess='false'" /manifest:embed /DEBUG /PDB:"C:\Users\Peter\CS-3113_HW\Homework 1\NYUCodebase\Release\PFerrarottoHW.pdb" /SUBSYSTEM:WINDOWS /OPT:REF /OPT:ICF /LTCG /TLBID:1 /DYNAMICBASE /NXCOMPAT /IMPLIB:"C:\Users\Peter\CS-3113_HW\Homework 1\NYUCodebase\Release\PFerrarottoHW.lib" /MACHINE:X86 /SAFESEH Release\main.obj
         Release\Matrix.obj
         Release\ShaderProgram.obj
         Generating code
         Finished generating code
         NYUCodebase.vcxproj -> C:\Users\Peter\CS-3113_HW\Homework 1\NYUCodebase\Release\PFerrarottoHW.exe
     1>Done Building Project "C:\Users\Peter\CS-3113_HW\Homework 1\NYUCodebase\NYUCodebase\NYUCodebase.vcxproj" (Build target(s)).

Build succeeded.

Time Elapsed 00:00:08.50
